<?xml version="1.0" encoding="UTF-8" ?>
<testsuite errors="0" failures="0" hostname="LX002" name="MatchleScorerTest" skipped="0" tests="7" time="0.126" timestamp="2025-04-18T16:25:19">
  <properties>
    <property name="ant.library.dir" value="C:\Users\24457\apache-ant-1.10.15-bin\apache-ant-1.10.15\lib" />
    <property name="ant.file.type" value="file" />
    <property name="java.specification.version" value="23" />
    <property name="ant.project.name" value="MatchleGameProject" />
    <property name="sun.cpu.isalist" value="amd64" />
    <property name="sun.jnu.encoding" value="Cp1252" />
    <property name="java.class.path" value="C:\Users\24457\OneDrive\Documents\GitHub\matchle\lib\junit-4.13.2.jar;C:\Users\24457\OneDrive\Documents\GitHub\matchle\lib\hamcrest-core-1.3.jar;C:\Users\24457\OneDrive\Documents\GitHub\matchle\build;C:\Users\24457\apache-ant-1.10.15-bin\apache-ant-1.10.15\lib\junit-4.13.jar;C:\Users\24457\apache-ant-1.10.15-bin\apache-ant-1.10.15\lib\ant-launcher.jar;C:\Users\24457\apache-ant-1.10.15-bin\apache-ant-1.10.15\lib\ant.jar;C:\Users\24457\apache-ant-1.10.15-bin\apache-ant-1.10.15\lib\ant-junit.jar;C:\Users\24457\apache-ant-1.10.15-bin\apache-ant-1.10.15\lib\ant-junit4.jar" />
    <property name="java.vm.vendor" value="Oracle Corporation" />
    <property name="sun.arch.data.model" value="64" />
    <property name="main-class" value="MatchleExtensionApp" />
    <property name="user.variant" value="" />
    <property name="java.vendor.url" value="https://java.oracle.com/" />
    <property name="os.name" value="Windows 11" />
    <property name="java.vm.specification.version" value="23" />
    <property name="sun.java.launcher" value="SUN_STANDARD" />
    <property name="user.country" value="US" />
    <property name="sun.boot.library.path" value="C:\Program Files\Java\jdk-23\bin" />
    <property name="output.dir" value="output" />
    <property name="sun.java.command" value="org.apache.tools.ant.taskdefs.optional.junit.JUnitTestRunner MatchleScorerTest skipNonTests=false filtertrace=false haltOnError=false haltOnFailure=false formatter=org.apache.tools.ant.taskdefs.optional.junit.OutErrSummaryJUnitResultFormatter showoutput=false outputtoformatters=true logfailedtests=true threadid=0 logtestlistenerevents=false formatter=org.apache.tools.ant.taskdefs.optional.junit.XMLJUnitResultFormatter,C:\Users\24457\OneDrive\Documents\GitHub\matchle\report\junit\TEST-MatchleScorerTest.xml crashfile=C:\Users\24457\OneDrive\Documents\GitHub\matchle\junitvmwatcher8737468802935054920.properties propsfile=C:\Users\24457\OneDrive\Documents\GitHub\matchle\junit14822039656589361996.properties" />
    <property name="jdk.debug" value="release" />
    <property name="sun.cpu.endian" value="little" />
    <property name="user.home" value="C:\Users\24457" />
    <property name="user.language" value="en" />
    <property name="java.specification.vendor" value="Oracle Corporation" />
    <property name="_jacoco.agentFile" value="C:\Users\24457\AppData\Local\Temp\jacocoagent6070709027902814932.jar" />
    <property name="java.version.date" value="2025-01-21" />
    <property name="java.home" value="C:\Program Files\Java\jdk-23" />
    <property name="basedir" value="C:\Users\24457\OneDrive\Documents\GitHub\matchle" />
    <property name="file.separator" value="\" />
    <property name="jacoco.file" value="report/jacoco/jacoco.exec" />
    <property name="java.vm.compressedOopsMode" value="Zero based" />
    <property name="line.separator" value="&#xd;&#xa;" />
    <property name="ant.java.version" value="23" />
    <property name="java.specification.name" value="Java Platform API Specification" />
    <property name="java.vm.specification.vendor" value="Oracle Corporation" />
    <property name="doc.dir" value="doc" />
    <property name="ant.file.MatchleGameProject" value="C:\Users\24457\OneDrive\Documents\GitHub\matchle\build.xml" />
    <property name="ant.file.type.MatchleGameProject" value="file" />
    <property name="user.script" value="" />
    <property name="sun.management.compiler" value="HotSpot 64-Bit Tiered Compilers" />
    <property name="java.runtime.version" value="23.0.2+7-58" />
    <property name="user.name" value="24457" />
    <property name="ant.file" value="C:\Users\24457\OneDrive\Documents\GitHub\matchle\build.xml" />
    <property name="stdout.encoding" value="Cp1252" />
    <property name="path.separator" value=";" />
    <property name="jacoco.dir" value="report/jacoco" />
    <property name="os.version" value="10.0" />
    <property name="java.runtime.name" value="Java(TM) SE Runtime Environment" />
    <property name="file.encoding" value="UTF-8" />
    <property name="ant.project.invoked-targets" value="report" />
    <property name="java.vm.name" value="Java HotSpot(TM) 64-Bit Server VM" />
    <property name="report.dir" value="report" />
    <property name="junit.dir" value="report/junit" />
    <property name="build.dir" value="build" />
    <property name="ant.core.lib" value="C:\Users\24457\apache-ant-1.10.15-bin\apache-ant-1.10.15\lib\ant.jar" />
    <property name="java.vendor.url.bug" value="https://bugreport.java.com/bugreport/" />
    <property name="java.io.tmpdir" value="C:\Users\24457\AppData\Local\Temp\" />
    <property name="java.version" value="23.0.2" />
    <property name="user.dir" value="C:\Users\24457\OneDrive\Documents\GitHub\matchle" />
    <property name="os.arch" value="amd64" />
    <property name="output.file" value="output/output.txt" />
    <property name="java.vm.specification.name" value="Java Virtual Machine Specification" />
    <property name="ant.home" value="C:\Users\24457\apache-ant-1.10.15-bin\apache-ant-1.10.15" />
    <property name="sun.os.patch.level" value="" />
    <property name="error.file" value="output/error.txt" />
    <property name="native.encoding" value="Cp1252" />
    <property name="ant.version" value="Apache Ant(TM) version 1.10.15 compiled on August 25 2024" />
    <property name="java.library.path" value="C:\Program Files\Java\jdk-23\bin;C:\WINDOWS\Sun\Java\bin;C:\WINDOWS\system32;C:\WINDOWS;C:\Program Files\Common Files\Oracle\Java\javapath;C:\Windows\System32;C:\Windows;C:\Windows\System32\Wbem;C:\Windows\System32\WindowsPowerShell\v1.0\;C:\Users\24457\apache-ant-1.10.15-bin\apache-ant-1.10.15\bin\ant.bat;C:\Users\24457\apache-ant-1.10.15-bin\apache-ant-1.10.15\bin;C:\Users\24457\AppData\Roaming\local\bin\stack.exe;C:\msys64\usr\bin;C:\msys64\mingw64\bin;C:\Users\24457\AppData\Roaming\local\bin;C:\Users\24457\AppData\Local\Microsoft\WindowsApps;D:\Microsoft VS Code\bin;C:\Users\24457\AppData\Local\GitHubDesktop\bin;C:\ghcup\bin;C:\Users\24457\AppData\Roaming\local\bin\stack.exe;C:\msys64\usr\bin;C:\msys64\mingw64\bin;;." />
    <property name="java.vendor" value="Oracle Corporation" />
    <property name="stderr.encoding" value="Cp1252" />
    <property name="java.vm.info" value="mixed mode, sharing" />
    <property name="java.vm.version" value="23.0.2+7-58" />
    <property name="sun.io.unicode.encoding" value="UnicodeLittle" />
    <property name="java.class.version" value="67.0" />
    <property name="src.dir" value="." />
  </properties>
  <testcase classname="MatchleScorerTest" name="testBestWorstCaseGuess" time="0.027" />
  <testcase classname="MatchleScorerTest" name="testScore" time="0.002" />
  <testcase classname="MatchleScorerTest" name="testScoreAverageCase" time="0.001" />
  <testcase classname="MatchleScorerTest" name="testScoreNullKey" time="0.001" />
  <testcase classname="MatchleScorerTest" name="testScoreNullGuess" time="0.001" />
  <testcase classname="MatchleScorerTest" name="testBestAverageCaseGuess" time="0.003" />
  <testcase classname="MatchleScorerTest" name="testScoreWorstCase" time="0.0" />
  <system-out><![CDATA[]]></system-out>
  <system-err><![CDATA[]]></system-err>
</testsuite>
